<?xml version="1.0" encoding="UTF-8"?>
<!-- Generated by org.testng.reporters.JUnitReportReporter -->
<testsuite hostname="Nihar-22" failures="0" tests="1" name="AddToCartTest" time="4.262" errors="0" timestamp="2025-02-26T14:13:30 IST" skipped="0">
  <testcase classname="AddToCartTest" name="verifyUserIsAbleToRemoveProductFromCart" time="4.262"/>
</testsuite> <!-- AddToCartTest -->
