<?xml version="1.0" encoding="UTF-8"?>
<!-- Generated by org.testng.reporters.JUnitReportReporter -->
<testsuite hostname="Nihar-22" failures="0" tests="1" name="AboutPageTest" time="12.929" errors="0" timestamp="2025-02-26T14:14:50 IST" skipped="0">
  <testcase classname="AboutPageTest" name="verifyIfAboutPageIsAccesscible" time="12.929"/>
</testsuite> <!-- AboutPageTest -->
