<?xml version="1.0" encoding="UTF-8"?>
<!-- Generated by org.testng.reporters.JUnitReportReporter -->
<testsuite hostname="Nihar-22" failures="0" tests="1" name="SwagLabLoginTest" time="7.823" errors="0" timestamp="2025-03-01T17:03:37 IST" skipped="0">
  <testcase classname="SwagLabLoginTest" name="verifySwagLabLogin" time="7.823"/>
</testsuite> <!-- SwagLabLoginTest -->
