<?xml version="1.0" encoding="UTF-8"?>
<!-- Generated by org.testng.reporters.JUnitReportReporter -->
<testsuite hostname="Nihar-22" failures="0" tests="1" name="SwagLabLogoutTest" time="8.604" errors="0" timestamp="2025-02-26T14:10:44 IST" skipped="0">
  <testcase classname="SwagLabLogoutTest" name="verifyIfUserIsAbleToLogout" time="8.604"/>
</testsuite> <!-- SwagLabLogoutTest -->
